{
  "stats": {
    "suites": 2,
    "tests": 2,
    "passes": 2,
    "pending": 0,
    "failures": 0,
    "start": "2022-09-21T10:39:32.664Z",
    "end": "2022-09-21T10:39:34.408Z",
    "duration": 1744,
    "testsRegistered": 2,
    "passPercent": 100,
    "pendingPercent": 0,
    "other": 0,
    "hasOther": false,
    "skipped": 0,
    "hasSkipped": false
  },
  "results": [
    {
      "uuid": "b4a5f1b8-d50a-4da3-a37a-73e099a6daf3",
      "title": "",
      "fullFile": "",
      "file": "",
      "beforeHooks": [],
      "afterHooks": [],
      "tests": [],
      "suites": [
        {
          "uuid": "752dc5b8-8a6f-4572-8069-1b573424ddde",
          "title": "As a guest, I want to register",
          "fullFile": "D:\\CypressApps\\apinest\\test\\scenarios\\01_register.test.js",
          "file": "\\test\\scenarios\\01_register.test.js",
          "beforeHooks": [],
          "afterHooks": [],
          "tests": [
            {
              "title": "Should succesfully register using valid account",
              "fullTitle": "As a guest, I want to register Should succesfully register using valid account",
              "timedOut": false,
              "duration": 814,
              "state": "passed",
              "speed": "slow",
              "pass": true,
              "fail": false,
              "pending": false,
              "context": null,
              "code": "const response = await ReqresAPI.register(data.VALID_REGISTER)\n\nassert.equal(response.status, 200);\nassert.containsAllKeys(response.data, [\"id\", \"token\"]);\nassert.isNumber(response.data.id);\nassert.isString(response.data.token);\n// expect(response.data).to.be.jsonSchema(schema.VALIDATE_REGISTER_SCHEMA)",
              "err": {},
              "uuid": "42f9795b-8f2f-433e-921a-5da34e36611a",
              "parentUUID": "752dc5b8-8a6f-4572-8069-1b573424ddde",
              "isHook": false,
              "skipped": false
            }
          ],
          "suites": [],
          "passes": [
            "42f9795b-8f2f-433e-921a-5da34e36611a"
          ],
          "failures": [],
          "pending": [],
          "skipped": [],
          "duration": 814,
          "root": false,
          "rootEmpty": false,
          "_timeout": 180000
        },
        {
          "uuid": "30feda3b-7b8d-464b-982f-5ef36b0aacb3",
          "title": "As a guest, I want to login",
          "fullFile": "D:\\CypressApps\\apinest\\test\\scenarios\\02_login.test.js",
          "file": "\\test\\scenarios\\02_login.test.js",
          "beforeHooks": [],
          "afterHooks": [],
          "tests": [
            {
              "title": "Should successfully login using valid account",
              "fullTitle": "As a guest, I want to login Should successfully login using valid account",
              "timedOut": false,
              "duration": 921,
              "state": "passed",
              "speed": "slow",
              "pass": true,
              "fail": false,
              "pending": false,
              "context": null,
              "code": "const response = await ReqresAPI.login(data.VALID_LOGIN)\n\nassert.equal(response.status, 200);\nassert.containsAllKeys(response.data, [\"token\"]);\nassert.isString(response.data.token);",
              "err": {},
              "uuid": "563d9fd9-fdca-4641-a3cd-5bad6a32845c",
              "parentUUID": "30feda3b-7b8d-464b-982f-5ef36b0aacb3",
              "isHook": false,
              "skipped": false
            }
          ],
          "suites": [],
          "passes": [
            "563d9fd9-fdca-4641-a3cd-5bad6a32845c"
          ],
          "failures": [],
          "pending": [],
          "skipped": [],
          "duration": 921,
          "root": false,
          "rootEmpty": false,
          "_timeout": 180000
        }
      ],
      "passes": [],
      "failures": [],
      "pending": [],
      "skipped": [],
      "duration": 0,
      "root": true,
      "rootEmpty": true,
      "_timeout": 180000
    }
  ],
  "meta": {
    "mocha": {
      "version": "10.0.0"
    },
    "mochawesome": {
      "options": {
        "quiet": false,
        "reportFilename": "mochawesome",
        "saveHtml": true,
        "saveJson": true,
        "consoleReporter": "spec",
        "useInlineDiffs": false,
        "code": true
      },
      "version": "7.1.3"
    },
    "marge": {
      "options": {
        "reportDir": "report"
      },
      "version": "6.2.0"
    }
  }
}