{
  "stats": {
    "suites": 2,
    "tests": 2,
    "passes": 2,
    "pending": 0,
    "failures": 0,
    "start": "2022-09-22T04:18:17.299Z",
    "end": "2022-09-22T04:18:18.391Z",
    "duration": 1092,
    "testsRegistered": 2,
    "passPercent": 100,
    "pendingPercent": 0,
    "other": 0,
    "hasOther": false,
    "skipped": 0,
    "hasSkipped": false
  },
  "results": [
    {
      "uuid": "489f24fb-8fc8-4af3-8c47-ff18a6a94714",
      "title": "",
      "fullFile": "",
      "file": "",
      "beforeHooks": [],
      "afterHooks": [],
      "tests": [],
      "suites": [
        {
          "uuid": "eef8c767-623f-4358-8bf5-b6adfc667a30",
          "title": "As a guest, I want to register",
          "fullFile": "D:\\CypressApps\\apinest\\test\\scenarios\\01_register.test.js",
          "file": "\\test\\scenarios\\01_register.test.js",
          "beforeHooks": [],
          "afterHooks": [],
          "tests": [
            {
              "title": "Should succesfully register using valid account",
              "fullTitle": "As a guest, I want to register Should succesfully register using valid account",
              "timedOut": false,
              "duration": 561,
              "state": "passed",
              "speed": "slow",
              "pass": true,
              "fail": false,
              "pending": false,
              "context": null,
              "code": "const response = await ReqresAPI.register(data.VALID_REGISTER)\n\nassert.equal(response.status, 200);\nassert.containsAllKeys(response.data, [\"id\", \"token\"]);\nassert.isNumber(response.data.id);\nassert.isString(response.data.token);\n// expect(response.data).to.be.jsonSchema(schema.VALIDATE_REGISTER_SCHEMA)",
              "err": {},
              "uuid": "375241f8-cad3-4f3c-9df8-47518de36c6b",
              "parentUUID": "eef8c767-623f-4358-8bf5-b6adfc667a30",
              "isHook": false,
              "skipped": false
            }
          ],
          "suites": [],
          "passes": [
            "375241f8-cad3-4f3c-9df8-47518de36c6b"
          ],
          "failures": [],
          "pending": [],
          "skipped": [],
          "duration": 561,
          "root": false,
          "rootEmpty": false,
          "_timeout": 180000
        },
        {
          "uuid": "bf6238c9-6145-42e1-bf20-7b0b251d4917",
          "title": "As a guest, I want to login",
          "fullFile": "D:\\CypressApps\\apinest\\test\\scenarios\\02_login.test.js",
          "file": "\\test\\scenarios\\02_login.test.js",
          "beforeHooks": [],
          "afterHooks": [],
          "tests": [
            {
              "title": "Should successfully login using valid account",
              "fullTitle": "As a guest, I want to login Should successfully login using valid account",
              "timedOut": false,
              "duration": 522,
              "state": "passed",
              "speed": "slow",
              "pass": true,
              "fail": false,
              "pending": false,
              "context": null,
              "code": "const response = await ReqresAPI.login(data.VALID_LOGIN)\n\nassert.equal(response.status, 200);\nassert.containsAllKeys(response.data, [\"token\"]);\nassert.isString(response.data.token);",
              "err": {},
              "uuid": "ee5c1233-da24-45de-8452-892259b36507",
              "parentUUID": "bf6238c9-6145-42e1-bf20-7b0b251d4917",
              "isHook": false,
              "skipped": false
            }
          ],
          "suites": [],
          "passes": [
            "ee5c1233-da24-45de-8452-892259b36507"
          ],
          "failures": [],
          "pending": [],
          "skipped": [],
          "duration": 522,
          "root": false,
          "rootEmpty": false,
          "_timeout": 180000
        }
      ],
      "passes": [],
      "failures": [],
      "pending": [],
      "skipped": [],
      "duration": 0,
      "root": true,
      "rootEmpty": true,
      "_timeout": 180000
    }
  ],
  "meta": {
    "mocha": {
      "version": "10.0.0"
    },
    "mochawesome": {
      "options": {
        "quiet": false,
        "reportFilename": "mochawesome",
        "saveHtml": true,
        "saveJson": true,
        "consoleReporter": "spec",
        "useInlineDiffs": false,
        "code": true
      },
      "version": "7.1.3"
    },
    "marge": {
      "options": {
        "reportDir": "report"
      },
      "version": "6.2.0"
    }
  }
}