{
  "stats": {
    "suites": 3,
    "tests": 4,
    "passes": 3,
    "pending": 0,
    "failures": 1,
    "start": "2022-08-26T06:33:35.194Z",
    "end": "2022-08-26T06:33:38.925Z",
    "duration": 3731,
    "testsRegistered": 4,
    "passPercent": 75,
    "pendingPercent": 0,
    "other": 0,
    "hasOther": false,
    "skipped": 0,
    "hasSkipped": false
  },
  "results": [
    {
      "uuid": "cc9a95b7-ce01-4cd7-88db-b9754488d417",
      "title": "",
      "fullFile": "",
      "file": "",
      "beforeHooks": [],
      "afterHooks": [],
      "tests": [],
      "suites": [
        {
          "uuid": "14c7b1f4-8f7f-416e-a799-3f5c19722229",
          "title": "As a guest, I want to create user data",
          "fullFile": "D:\\CypressApps\\apinest\\test\\scenarios\\04_user_test.test.js",
          "file": "\\test\\scenarios\\04_user_test.test.js",
          "beforeHooks": [],
          "afterHooks": [],
          "tests": [
            {
              "title": "Should successfully created user data",
              "fullTitle": "As a guest, I want to create user data Should successfully created user data",
              "timedOut": false,
              "duration": 607,
              "state": "passed",
              "speed": "slow",
              "pass": true,
              "fail": false,
              "pending": false,
              "context": null,
              "code": "const response = await ReqresAPI.user_create(data.UPDATE_DATA)\n\nassert.equal(response.status, 201);\nassert.containsAllKeys(response.data, [\"name\", \"job\", \"id\"]);\nassert.isString(response.data.name);\nassert.isString(response.data.id);\nassert.equal(response.data.name, data.UPDATE_DATA.name);\n// var_id_user_created = response.data.id;\nvar_id_user_created = 4;\nconsole.log(var_id_user_created);",
              "err": {},
              "uuid": "40db7c74-5ca8-4019-a440-b6ac11cc84e4",
              "parentUUID": "14c7b1f4-8f7f-416e-a799-3f5c19722229",
              "isHook": false,
              "skipped": false
            }
          ],
          "suites": [],
          "passes": [
            "40db7c74-5ca8-4019-a440-b6ac11cc84e4"
          ],
          "failures": [],
          "pending": [],
          "skipped": [],
          "duration": 607,
          "root": false,
          "rootEmpty": false,
          "_timeout": 180000
        },
        {
          "uuid": "e3e7a383-74a2-49a0-bc5d-5a51cd126296",
          "title": "As a guest, I want to my user data",
          "fullFile": "D:\\CypressApps\\apinest\\test\\scenarios\\04_user_test.test.js",
          "file": "\\test\\scenarios\\04_user_test.test.js",
          "beforeHooks": [],
          "afterHooks": [],
          "tests": [
            {
              "title": "Should successfully showing user data",
              "fullTitle": "As a guest, I want to my user data Should successfully showing user data",
              "timedOut": false,
              "duration": 96,
              "state": "passed",
              "speed": "slow",
              "pass": true,
              "fail": false,
              "pending": false,
              "context": null,
              "code": "const response = await ReqresAPI.user_show()\n\nassert.equal(response.status, 200);\nassert.containsAllKeys(response.data, [\"data\", \"support\"]);\nassert.isObject(response.data, \"data\");\n// expect(response.data).to.deep.nested.property('data.id').that.deep.equals(2);",
              "err": {},
              "uuid": "ecaaae78-81c5-4658-a0f9-f239512ff2ab",
              "parentUUID": "e3e7a383-74a2-49a0-bc5d-5a51cd126296",
              "isHook": false,
              "skipped": false
            }
          ],
          "suites": [],
          "passes": [
            "ecaaae78-81c5-4658-a0f9-f239512ff2ab"
          ],
          "failures": [],
          "pending": [],
          "skipped": [],
          "duration": 96,
          "root": false,
          "rootEmpty": false,
          "_timeout": 180000
        },
        {
          "uuid": "5a7b5922-1336-4cf5-9a6c-385b59435240",
          "title": "As a guest, I want to create user data",
          "fullFile": "D:\\CypressApps\\apinest\\test\\scenarios\\04_user_test.test.js",
          "file": "\\test\\scenarios\\04_user_test.test.js",
          "beforeHooks": [],
          "afterHooks": [],
          "tests": [
            {
              "title": "Should successfully created user data",
              "fullTitle": "As a guest, I want to create user data Should successfully created user data",
              "timedOut": false,
              "duration": 2606,
              "state": "passed",
              "speed": "slow",
              "pass": true,
              "fail": false,
              "pending": false,
              "context": null,
              "code": "const response = await ReqresAPI.user_create(data.UPDATE_DATA)\n\nassert.equal(response.status, 201);\nassert.containsAllKeys(response.data, [\"name\", \"job\", \"id\"]);\nassert.isString(response.data.name);\nassert.isString(response.data.id);\nassert.equal(response.data.name, data.UPDATE_DATA.name);\nvar_id_user_created = response.data.id;\n// var_id_user_created = 4;\nconsole.log(var_id_user_created);",
              "err": {},
              "uuid": "93771add-1dce-4ab8-b99f-db7acf8a0bea",
              "parentUUID": "5a7b5922-1336-4cf5-9a6c-385b59435240",
              "isHook": false,
              "skipped": false
            },
            {
              "title": "Should successfully showing user data",
              "fullTitle": "As a guest, I want to create user data Should successfully showing user data",
              "timedOut": false,
              "duration": 407,
              "state": "failed",
              "speed": null,
              "pass": false,
              "fail": true,
              "pending": false,
              "context": null,
              "code": "const response = await ReqresAPI.user_show()\n\n// assert.equal(response.status, 200);\n// assert.containsAllKeys(response.data, [\"data\", \"support\"]);\n// assert.isObject(response.data, \"data\");\nexpect(response.data).to.deep.nested.property('data.id').that.deep.equals(var_id_user_created);",
              "err": {
                "message": "AssertionError: expected 4 to deeply equal '607'",
                "estack": "AssertionError: expected 4 to deeply equal '607'\n    at Context.<anonymous> (file:///D:/CypressApps/apinest/test/scenarios/04_user_test.test.js:30:76)\n    at processTicksAndRejections (internal/process/task_queues.js:95:5)",
                "diff": null
              },
              "uuid": "8f9d92f3-fc07-45c1-9901-d51a30ab8553",
              "parentUUID": "5a7b5922-1336-4cf5-9a6c-385b59435240",
              "isHook": false,
              "skipped": false
            }
          ],
          "suites": [],
          "passes": [
            "93771add-1dce-4ab8-b99f-db7acf8a0bea"
          ],
          "failures": [
            "8f9d92f3-fc07-45c1-9901-d51a30ab8553"
          ],
          "pending": [],
          "skipped": [],
          "duration": 3013,
          "root": false,
          "rootEmpty": false,
          "_timeout": 180000
        }
      ],
      "passes": [],
      "failures": [],
      "pending": [],
      "skipped": [],
      "duration": 0,
      "root": true,
      "rootEmpty": true,
      "_timeout": 180000
    }
  ],
  "meta": {
    "mocha": {
      "version": "10.0.0"
    },
    "mochawesome": {
      "options": {
        "quiet": false,
        "reportFilename": "mochawesome",
        "saveHtml": true,
        "saveJson": true,
        "consoleReporter": "spec",
        "useInlineDiffs": false,
        "code": true
      },
      "version": "7.1.3"
    },
    "marge": {
      "options": {
        "reportDir": "reports"
      },
      "version": "6.2.0"
    }
  }
}