{
  "stats": {
    "suites": 5,
    "tests": 5,
    "passes": 4,
    "pending": 0,
    "failures": 1,
    "start": "2022-08-26T06:17:50.977Z",
    "end": "2022-08-26T06:17:53.443Z",
    "duration": 2466,
    "testsRegistered": 5,
    "passPercent": 80,
    "pendingPercent": 0,
    "other": 0,
    "hasOther": false,
    "skipped": 0,
    "hasSkipped": false
  },
  "results": [
    {
      "uuid": "55884e59-542d-4d2b-b62e-9c231fbc5892",
      "title": "",
      "fullFile": "",
      "file": "",
      "beforeHooks": [],
      "afterHooks": [],
      "tests": [],
      "suites": [
        {
          "uuid": "de7a3ff7-bd63-426b-9d86-e0ed080206a2",
          "title": "As a guest, I want to create user data",
          "fullFile": "D:\\CypressApps\\apinest\\test\\scenarios\\01_register.test.js",
          "file": "\\test\\scenarios\\01_register.test.js",
          "beforeHooks": [],
          "afterHooks": [],
          "tests": [
            {
              "title": "Should successfully created user data",
              "fullTitle": "As a guest, I want to create user data Should successfully created user data",
              "timedOut": false,
              "duration": 484,
              "state": "passed",
              "speed": "slow",
              "pass": true,
              "fail": false,
              "pending": false,
              "context": null,
              "code": "const response = await ReqresAPI.user_create(data.UPDATE_DATA)\n\nassert.equal(response.status, 201);\nassert.containsAllKeys(response.data, [\"name\", \"job\", \"id\"]);\nassert.isString(response.data.name);\nassert.isString(response.data.id);\nassert.equal(response.data.name, data.UPDATE_DATA.name);\nvar_id_user_created = response.data.id;\n// var_id_user_created = 4;\nconsole.log(var_id_user_created);",
              "err": {},
              "uuid": "f2deb283-e158-4226-aa03-b1a901203f3e",
              "parentUUID": "de7a3ff7-bd63-426b-9d86-e0ed080206a2",
              "isHook": false,
              "skipped": false
            }
          ],
          "suites": [],
          "passes": [
            "f2deb283-e158-4226-aa03-b1a901203f3e"
          ],
          "failures": [],
          "pending": [],
          "skipped": [],
          "duration": 484,
          "root": false,
          "rootEmpty": false,
          "_timeout": 180000
        },
        {
          "uuid": "13a01280-2b81-4c20-b7aa-dbc7323f8dd9",
          "title": "As a guest, I want to my user data",
          "fullFile": "D:\\CypressApps\\apinest\\test\\scenarios\\01_register.test.js",
          "file": "\\test\\scenarios\\01_register.test.js",
          "beforeHooks": [],
          "afterHooks": [],
          "tests": [
            {
              "title": "Should successfully showing user data",
              "fullTitle": "As a guest, I want to my user data Should successfully showing user data",
              "timedOut": false,
              "duration": 466,
              "state": "failed",
              "speed": null,
              "pass": false,
              "fail": true,
              "pending": false,
              "context": null,
              "code": "const response = await ReqresAPI.user_show()\n\nassert.equal(response.status, 200);\nassert.containsAllKeys(response.data, [\"data\", \"support\"]);\nassert.isObject(response.data, \"data\");\n// expect(response.data).to.deep.nested.property('data.id').that.deep.equals(2);",
              "err": {
                "message": "AssertionError: expected 404 to equal 200",
                "estack": "AssertionError: expected 404 to equal 200\n    at Context.<anonymous> (file:///D:/CypressApps/apinest/test/scenarios/03_user.test.js:31:16)\n    at processTicksAndRejections (internal/process/task_queues.js:95:5)",
                "diff": "- 404\n+ 200\n"
              },
              "uuid": "b3caede9-a87a-48ea-81cb-33ce9d5325e7",
              "parentUUID": "13a01280-2b81-4c20-b7aa-dbc7323f8dd9",
              "isHook": false,
              "skipped": false
            }
          ],
          "suites": [],
          "passes": [],
          "failures": [
            "b3caede9-a87a-48ea-81cb-33ce9d5325e7"
          ],
          "pending": [],
          "skipped": [],
          "duration": 466,
          "root": false,
          "rootEmpty": false,
          "_timeout": 180000
        },
        {
          "uuid": "f9ee5d50-d989-4913-8d4e-38025461428e",
          "title": "As a guest, I want to register",
          "fullFile": "D:\\CypressApps\\apinest\\test\\scenarios\\01_register.test.js",
          "file": "\\test\\scenarios\\01_register.test.js",
          "beforeHooks": [],
          "afterHooks": [],
          "tests": [
            {
              "title": "Should succesfully register using valid account",
              "fullTitle": "As a guest, I want to register Should succesfully register using valid account",
              "timedOut": false,
              "duration": 475,
              "state": "passed",
              "speed": "slow",
              "pass": true,
              "fail": false,
              "pending": false,
              "context": null,
              "code": "const response = await ReqresAPI.register(data.VALID_REGISTER)\n\nassert.equal(response.status, 200);\nassert.containsAllKeys(response.data, [\"id\", \"token\"]);\nassert.isNumber(response.data.id);\nassert.isString(response.data.token);",
              "err": {},
              "uuid": "86f985b4-dab1-472f-a1c0-983dec3bbdda",
              "parentUUID": "f9ee5d50-d989-4913-8d4e-38025461428e",
              "isHook": false,
              "skipped": false
            }
          ],
          "suites": [],
          "passes": [
            "86f985b4-dab1-472f-a1c0-983dec3bbdda"
          ],
          "failures": [],
          "pending": [],
          "skipped": [],
          "duration": 475,
          "root": false,
          "rootEmpty": false,
          "_timeout": 180000
        },
        {
          "uuid": "b85a0266-107d-4740-92ed-b25133b437f6",
          "title": "As a guest, I must insert a password when register",
          "fullFile": "D:\\CypressApps\\apinest\\test\\scenarios\\01_register.test.js",
          "file": "\\test\\scenarios\\01_register.test.js",
          "beforeHooks": [],
          "afterHooks": [],
          "tests": [
            {
              "title": "Should failed to register when password not filled",
              "fullTitle": "As a guest, I must insert a password when register Should failed to register when password not filled",
              "timedOut": false,
              "duration": 468,
              "state": "passed",
              "speed": "slow",
              "pass": true,
              "fail": false,
              "pending": false,
              "context": null,
              "code": "const response = await ReqresAPI.register(data.INVALID_REGISTER)\n\nassert.equal(response.status, 400);\nassert.containsAllKeys(response.data, [\"error\"]);\nassert.isString(response.data.error);",
              "err": {},
              "uuid": "c831389f-6ddf-41e2-a049-064636bb083f",
              "parentUUID": "b85a0266-107d-4740-92ed-b25133b437f6",
              "isHook": false,
              "skipped": false
            }
          ],
          "suites": [],
          "passes": [
            "c831389f-6ddf-41e2-a049-064636bb083f"
          ],
          "failures": [],
          "pending": [],
          "skipped": [],
          "duration": 468,
          "root": false,
          "rootEmpty": false,
          "_timeout": 180000
        },
        {
          "uuid": "26f510fa-2fb8-44cc-9d6a-210f498596dc",
          "title": "As a guest, I want to login",
          "fullFile": "D:\\CypressApps\\apinest\\test\\scenarios\\02_login.test.js",
          "file": "\\test\\scenarios\\02_login.test.js",
          "beforeHooks": [],
          "afterHooks": [],
          "tests": [
            {
              "title": "Should successfully login using valid account",
              "fullTitle": "As a guest, I want to login Should successfully login using valid account",
              "timedOut": false,
              "duration": 554,
              "state": "passed",
              "speed": "slow",
              "pass": true,
              "fail": false,
              "pending": false,
              "context": null,
              "code": "const response = await ReqresAPI.login(data.VALID_LOGIN)\n\nassert.equal(response.status, 200);\nassert.containsAllKeys(response.data, [\"token\"]);\nassert.isString(response.data.token);",
              "err": {},
              "uuid": "10fd2f93-e38d-4be7-8a42-9e4b32babba6",
              "parentUUID": "26f510fa-2fb8-44cc-9d6a-210f498596dc",
              "isHook": false,
              "skipped": false
            }
          ],
          "suites": [],
          "passes": [
            "10fd2f93-e38d-4be7-8a42-9e4b32babba6"
          ],
          "failures": [],
          "pending": [],
          "skipped": [],
          "duration": 554,
          "root": false,
          "rootEmpty": false,
          "_timeout": 180000
        }
      ],
      "passes": [],
      "failures": [],
      "pending": [],
      "skipped": [],
      "duration": 0,
      "root": true,
      "rootEmpty": true,
      "_timeout": 180000
    }
  ],
  "meta": {
    "mocha": {
      "version": "10.0.0"
    },
    "mochawesome": {
      "options": {
        "quiet": false,
        "reportFilename": "mochawesome",
        "saveHtml": true,
        "saveJson": true,
        "consoleReporter": "spec",
        "useInlineDiffs": false,
        "code": true
      },
      "version": "7.1.3"
    },
    "marge": {
      "options": {
        "reportDir": "reports"
      },
      "version": "6.2.0"
    }
  }
}